This is pdfTeX, Version 3.14159-1.10b (Web2C 7.4.5) (format=pdflatex 2006.1.19)  30 JAN 2007 10:57
**wa1-sol
(./wa1-sol.tex{/usr/share/texmf/pdftex/config/pdftex.cfg}
LaTeX2e <2001/06/01>
Babel <v3.7h> and hyphenation patterns for american, french, german, ngerman, n
ohyphenation, loaded.
(/usr/share/texmf/tex/latex/base/article.cls
Document Class: article 2001/04/21 v1.4e Standard LaTeX document class
(/usr/share/texmf/tex/latex/base/size11.clo
File: size11.clo 2001/04/21 v1.4e Standard LaTeX file (size option)
)
\c@part=\count79
\c@section=\count80
\c@subsection=\count81
\c@subsubsection=\count82
\c@paragraph=\count83
\c@subparagraph=\count84
\c@figure=\count85
\c@table=\count86
\abovecaptionskip=\skip41
\belowcaptionskip=\skip42
\bibindent=\dimen102
) (../handout.sty)
(/home/damonma/afs/tex/upquote.sty
Package: upquote 2003/08/11 v1.1 Covington's upright-quote modification to verb
atim and verb

(/usr/share/texmf/tex/latex/base/textcomp.sty
Package: textcomp 2001/06/05 v1.94 Standard LaTeX package

(/usr/share/texmf/tex/latex/base/ts1enc.def
File: ts1enc.def 2001/06/05 v3.0e (jk/car/fm) Standard LaTeX file
)))
(/usr/share/texmf/tex/latex/graphics/graphicx.sty
Package: graphicx 1999/02/16 v1.0f Enhanced LaTeX Graphics (DPC,SPQR)

(/usr/share/texmf/tex/latex/graphics/keyval.sty
Package: keyval 1999/03/16 v1.13 key=value parser (DPC)
\KV@toks@=\toks14
)
(/usr/share/texmf/tex/latex/graphics/graphics.sty
Package: graphics 2001/07/07 v1.0n Standard LaTeX Graphics (DPC,SPQR)

(/usr/share/texmf/tex/latex/graphics/trig.sty
Package: trig 1999/03/16 v1.09 sin cos tan (DPC)
)
(/usr/share/texmf/tex/latex/config/graphics.cfg
File: graphics.cfg 2001/08/31 v1.1 graphics configuration of teTeX/TeXLive
)
Package graphics Info: Driver file: pdftex.def on input line 80.

(/usr/share/texmf/tex/latex/graphics/pdftex.def
File: pdftex.def 2002/06/19 v0.03k graphics/color for pdftex
\Gread@gobject=\count87
))
\Gin@req@height=\dimen103
\Gin@req@width=\dimen104
)
(/usr/share/texmf/tex/latex/graphics/color.sty
Package: color 1999/02/16 v1.0i Standard LaTeX Color (DPC)

(/usr/share/texmf/tex/latex/config/color.cfg
File: color.cfg 2001/08/31 v1.1 color configuration of teTeX/TeXLive
)
Package color Info: Driver file: pdftex.def on input line 125.
) (../mymargins.tex)
(./wa1-sol.aux)
\openout1 = `wa1-sol.aux'.

LaTeX Font Info:    Checking defaults for OML/cmm/m/it on input line 9.
LaTeX Font Info:    ... okay on input line 9.
LaTeX Font Info:    Checking defaults for T1/cmr/m/n on input line 9.
LaTeX Font Info:    ... okay on input line 9.
LaTeX Font Info:    Checking defaults for OT1/cmr/m/n on input line 9.
LaTeX Font Info:    ... okay on input line 9.
LaTeX Font Info:    Checking defaults for OMS/cmsy/m/n on input line 9.
LaTeX Font Info:    ... okay on input line 9.
LaTeX Font Info:    Checking defaults for OMX/cmex/m/n on input line 9.
LaTeX Font Info:    ... okay on input line 9.
LaTeX Font Info:    Checking defaults for U/cmr/m/n on input line 9.
LaTeX Font Info:    ... okay on input line 9.
LaTeX Font Info:    Checking defaults for TS1/cmr/m/n on input line 9.
LaTeX Font Info:    Try loading font information for TS1+cmr on input line 9.
 (/usr/share/texmf/tex/latex/base/ts1cmr.fd
File: ts1cmr.fd 1999/05/25 v2.5h Standard LaTeX font definitions
)
LaTeX Font Info:    ... okay on input line 9.

(/usr/share/texmf/tex/context/base/supp-pdf.tex
(/usr/share/texmf/tex/context/base/supp-mis.tex
loading : Context Support Macros / Missing
\protectiondepth=\count88
\scratchcounter=\count89
\scratchtoks=\toks15
\scratchdimen=\dimen105
\scratchskip=\skip43
\scratchmuskip=\muskip10
\scratchbox=\box26
\scratchread=\read1
\scratchwrite=\write3
\zeropoint=\dimen106
\minusone=\count90
\thousandpoint=\dimen107
\emptytoks=\toks16
\nextbox=\box27
\nextdepth=\dimen108
\everyline=\toks17
\!!counta=\count91
\!!countb=\count92
\recursecounter=\count93
)
loading : Context Support Macros / PDF
\nofMPsegments=\count94
\nofMParguments=\count95
\everyMPtoPDFconversion=\toks18
)
LaTeX Font Info:    External font `cmex10' loaded for size
(Font)              <10.95> on input line 16.
LaTeX Font Info:    External font `cmex10' loaded for size
(Font)              <8> on input line 16.
LaTeX Font Info:    External font `cmex10' loaded for size
(Font)              <6> on input line 16.
 <consec-two.pdf, id=1, 387.4475pt x 226.8475pt>
File: consec-two.pdf Graphic file (type pdf)
 <use consec-two.pdf>
(./closure.pdf_t <closure.pdf, id=2, 614.295pt x 794.97pt>
File: closure.pdf Graphic file (type pdf)
 <use closure.pdf>
LaTeX Font Info:    External font `cmex10' loaded for size
(Font)              <12> on input line 14.
)
(./even.pdf_t <even.pdf, id=3, 614.295pt x 794.97pt>
File: even.pdf Graphic file (type pdf)
 <use even.pdf>) [1{/usr/share/texmf/dvips/config/pdftex.map}

 <./consec-two.pdf>]
<substr-odd.pdf, id=40, 467.7475pt x 198.7425pt>
File: substr-odd.pdf Graphic file (type pdf)
 <use substr-odd.pdf>
<substr-odd-dfa.pdf, id=41, 556.0775pt x 268.00125pt>
File: substr-odd-dfa.pdf Graphic file (type pdf)
 <use substr-odd-dfa.pdf>
<end-ones.pdf, id=42, 307.1475pt x 180.675pt>
File: end-ones.pdf Graphic file (type pdf)
 <use end-ones.pdf> [2 <./closure.pdf>] [3 <./even.pdf>] [4 <./substr-odd.pdf> 
<./substr-odd-dfa.pdf> <./end-ones.pdf>] (./wa1-sol.aux) ) 
Here is how much of TeX's memory you used:
 1398 strings out of 95437
 18679 string characters out of 1189055
 66285 words of memory out of 1000001
 4406 multiletter control sequences out of 10000+50000
 8408 words of font info for 30 fonts, out of 500000 for 1000
 14 hyphenation exceptions out of 1000
 25i,16n,21p,198b,581s stack positions out of 1500i,500n,5000p,200000b,5000s
 87 PDF objects out of 300000
 0 named destinations out of 131072
 30 words of extra memory for PDF output out of 65536
{/usr/share/texmf/dvi
ps/tetex/09fbbfac.enc}</usr/share/texmf/fonts/type1/bluesky/cm/cmtt10.pfb>{/usr
/share/texmf/dvips/tetex/aae443f0.enc}</usr/share/texmf/fonts/type1/bluesky/cm/
cmmi12.pfb>{/usr/share/texmf/dvips/tetex/f7b6d320.enc}</usr/share/texmf/fonts/t
ype1/bluesky/cm/cmr12.pfb></usr/share/texmf/fonts/type1/bluesky/cm/cmmi8.pfb></
usr/share/texmf/fonts/type1/bluesky/cm/cmbx10.pfb></usr/share/texmf/fonts/type1
/bluesky/cm/cmr8.pfb>{/usr/share/texmf/dvips/tetex/bbad153f.enc}</usr/share/tex
mf/fonts/type1/bluesky/cm/cmsy8.pfb> </var/lib/texmf/pk/ljfour/jknappen/tc/tcrm
1095.600pk></usr/share/texmf/fonts/type1/bluesky/cm/cmmi10.pfb></usr/share/texm
f/fonts/type1/bluesky/cm/cmsy10.pfb></usr/share/texmf/fonts/type1/bluesky/cm/cm
r17.pfb></usr/share/texmf/fonts/type1/bluesky/cm/cmr10.pfb>
Output written on wa1-sol.pdf (4 pages, 89290 bytes).
