This is pdfeTeX, Version 3.141592-1.21a-2.2 (Web2C 7.5.4) (format=pdflatex 2006.11.5)  16 MAR 2007 23:12
entering extended mode
**wa4-sol
(./wa4-sol.tex
LaTeX2e <2003/12/01>
Babel <v3.8d> and hyphenation patterns for american, french, german, ngerman, b
ahasa, basque, bulgarian, catalan, croatian, czech, danish, dutch, esperanto, e
stonian, finnish, greek, icelandic, irish, italian, latin, magyar, norsk, polis
h, portuges, romanian, russian, serbian, slovak, slovene, spanish, swedish, tur
kish, ukrainian, nohyphenation, loaded.
(/usr/pubsw/lib/texmf/tex/latex/base/article.cls
Document Class: article 2004/02/16 v1.4f Standard LaTeX document class
(/usr/pubsw/lib/texmf/tex/latex/base/size11.clo
File: size11.clo 2004/02/16 v1.4f Standard LaTeX file (size option)
)
\c@part=\count79
\c@section=\count80
\c@subsection=\count81
\c@subsubsection=\count82
\c@paragraph=\count83
\c@subparagraph=\count84
\c@figure=\count85
\c@table=\count86
\abovecaptionskip=\skip41
\belowcaptionskip=\skip42
\bibindent=\dimen102
) (../handout.sty)
(/usr/pubsw/lib/texmf/tex/latex/amsmath/amsmath.sty
Package: amsmath 2000/07/18 v2.13 AMS math features
\@mathmargin=\skip43

For additional information on amsmath, use the `?' option.
(/usr/pubsw/lib/texmf/tex/latex/amsmath/amstext.sty
Package: amstext 2000/06/29 v2.01

(/usr/pubsw/lib/texmf/tex/latex/amsmath/amsgen.sty
File: amsgen.sty 1999/11/30 v2.0
\@emptytoks=\toks14
\ex@=\dimen103
))
(/usr/pubsw/lib/texmf/tex/latex/amsmath/amsbsy.sty
Package: amsbsy 1999/11/29 v1.2d
\pmbraise@=\dimen104
)
(/usr/pubsw/lib/texmf/tex/latex/amsmath/amsopn.sty
Package: amsopn 1999/12/14 v2.01 operator names
)
\inf@bad=\count87
LaTeX Info: Redefining \frac on input line 211.
\uproot@=\count88
\leftroot@=\count89
LaTeX Info: Redefining \overline on input line 307.
\classnum@=\count90
\DOTSCASE@=\count91
LaTeX Info: Redefining \ldots on input line 379.
LaTeX Info: Redefining \dots on input line 382.
LaTeX Info: Redefining \cdots on input line 467.
\Mathstrutbox@=\box26
\strutbox@=\box27
\big@size=\dimen105
LaTeX Font Info:    Redeclaring font encoding OML on input line 567.
LaTeX Font Info:    Redeclaring font encoding OMS on input line 568.
\macc@depth=\count92
\c@MaxMatrixCols=\count93
\dotsspace@=\muskip10
\c@parentequation=\count94
\dspbrk@lvl=\count95
\tag@help=\toks15
\row@=\count96
\column@=\count97
\maxfields@=\count98
\andhelp@=\toks16
\eqnshift@=\dimen106
\alignsep@=\dimen107
\tagshift@=\dimen108
\tagwidth@=\dimen109
\totwidth@=\dimen110
\lineht@=\dimen111
\@envbody=\toks17
\multlinegap=\skip44
\multlinetaggap=\skip45
\mathdisplay@stack=\toks18
LaTeX Info: Redefining \[ on input line 2666.
LaTeX Info: Redefining \] on input line 2667.
)
(/usr/pubsw/lib/texmf/tex/latex/graphics/graphicx.sty
Package: graphicx 1999/02/16 v1.0f Enhanced LaTeX Graphics (DPC,SPQR)

(/usr/pubsw/lib/texmf/tex/latex/graphics/keyval.sty
Package: keyval 1999/03/16 v1.13 key=value parser (DPC)
\KV@toks@=\toks19
)
(/usr/pubsw/lib/texmf/tex/latex/graphics/graphics.sty
Package: graphics 2001/07/07 v1.0n Standard LaTeX Graphics (DPC,SPQR)

(/usr/pubsw/lib/texmf/tex/latex/graphics/trig.sty
Package: trig 1999/03/16 v1.09 sin cos tan (DPC)
)
(/usr/pubsw/lib/texmf/tex/latex/graphics/graphics.cfg
File: graphics.cfg 2005/02/03 v1.3 graphics configuration of teTeX/TeXLive
)
Package graphics Info: Driver file: pdftex.def on input line 80.

(/usr/pubsw/lib/texmf/tex/latex/graphics/pdftex.def
File: pdftex.def 2002/06/19 v0.03k graphics/color for pdftex
\Gread@gobject=\count99
))
\Gin@req@height=\dimen112
\Gin@req@width=\dimen113
) (../mymargins.tex)
(./wa4-sol.aux)
\openout1 = `wa4-sol.aux'.

LaTeX Font Info:    Checking defaults for OML/cmm/m/it on input line 9.
LaTeX Font Info:    ... okay on input line 9.
LaTeX Font Info:    Checking defaults for T1/cmr/m/n on input line 9.
LaTeX Font Info:    ... okay on input line 9.
LaTeX Font Info:    Checking defaults for OT1/cmr/m/n on input line 9.
LaTeX Font Info:    ... okay on input line 9.
LaTeX Font Info:    Checking defaults for OMS/cmsy/m/n on input line 9.
LaTeX Font Info:    ... okay on input line 9.
LaTeX Font Info:    Checking defaults for OMX/cmex/m/n on input line 9.
LaTeX Font Info:    ... okay on input line 9.
LaTeX Font Info:    Checking defaults for U/cmr/m/n on input line 9.
LaTeX Font Info:    ... okay on input line 9.
 (/usr/pubsw/lib/texmf/tex/context/base/supp-pdf.tex
(/usr/pubsw/lib/texmf/tex/context/base/supp-mis.tex
loading : Context Support Macros / Miscellaneous (2004.10.26)
\protectiondepth=\count100
\scratchcounter=\count101
\scratchtoks=\toks20
\scratchdimen=\dimen114
\scratchskip=\skip46
\scratchmuskip=\muskip11
\scratchbox=\box28
\scratchread=\read1
\scratchwrite=\write3
\zeropoint=\dimen115
\onepoint=\dimen116
\onebasepoint=\dimen117
\minusone=\count102
\thousandpoint=\dimen118
\onerealpoint=\dimen119
\emptytoks=\toks21
\nextbox=\box29
\nextdepth=\dimen120
\everyline=\toks22
\!!counta=\count103
\!!countb=\count104
\recursecounter=\count105
)
loading : Context Support Macros / PDF (2004.03.26)
\nofMPsegments=\count106
\nofMParguments=\count107
\MPscratchCnt=\count108
\MPscratchDim=\dimen121
\MPnumerator=\count109
\everyMPtoPDFconversion=\toks23
) [1{/usr/pubsw/lib/texmf/fonts/map/pdftex/updmap/pdftex.map}

]
Underfull \hbox (badness 10000) in paragraph at lines 135--217
[][]
 []

[2] [3] <livevars.pdf, id=32, 540.0175pt x 136.51pt>
File: livevars.pdf Graphic file (type pdf)
 <use livevars.pdf>
<regint.pdf, id=33, 242.9075pt x 198.7425pt>
File: regint.pdf Graphic file (type pdf)
 <use regint.pdf> [4 <./livevars.pdf> <./regint.pdf>] <heap.pdf, id=51, 435.065
4pt x 102.20183pt>
File: heap.pdf Graphic file (type pdf)
 <use heap.pdf>
LaTeX Font Info:    Try loading font information for OMS+cmr on input line 322.


(/usr/pubsw/lib/texmf/tex/latex/base/omscmr.fd
File: omscmr.fd 1999/05/25 v2.5h Standard LaTeX font definitions
)
LaTeX Font Info:    Font shape `OMS/cmr/m/n' in size <10.95> not available
(Font)              Font shape `OMS/cmsy/m/n' tried instead on input line 322.

<marksweep.pdf, id=52, 435.0654pt x 102.20183pt>
File: marksweep.pdf Graphic file (type pdf)
 <use marksweep.pdf>
<stopcopy.pdf, id=53, 435.0654pt x 72.45067pt>
File: stopcopy.pdf Graphic file (type pdf)
 <use stopcopy.pdf> [5 <./heap.pdf> <./marksweep.pdf> <./stopcopy.pdf>]
<refcount.pdf, id=78, 435.0654pt x 102.20183pt>
File: refcount.pdf Graphic file (type pdf)
 <use refcount.pdf> [6 <./refcount.pdf>] (./wa4-sol.aux) ) 
Here is how much of TeX's memory you used:
 1561 strings out of 94500
 18335 string characters out of 1176114
 72592 words of memory out of 1000000
 4746 multiletter control sequences out of 10000+50000
 7520 words of font info for 28 fonts, out of 500000 for 2000
 580 hyphenation exceptions out of 1000
 27i,13n,20p,220b,361s stack positions out of 1500i,500n,5000p,200000b,5000s
PDF statistics:
 88 PDF objects out of 300000
 0 named destinations out of 131072
 31 words of extra memory for PDF output out of 65536
</usr/pubsw/lib/texmf
/fonts/type1/bluesky/cm/cmmi8.pfb></usr/pubsw/lib/texmf/fonts/type1/bluesky/cm/
cmr8.pfb></usr/pubsw/lib/texmf/fonts/type1/bluesky/cm/cmsy10.pfb></usr/pubsw/li
b/texmf/fonts/type1/bluesky/cm/cmmi10.pfb></usr/pubsw/lib/texmf/fonts/type1/blu
esky/cm/cmtt10.pfb></usr/pubsw/lib/texmf/fonts/type1/bluesky/cm/cmr17.pfb></usr
/pubsw/lib/texmf/fonts/type1/bluesky/cm/cmr10.pfb>
Output written on wa4-sol.pdf (6 pages, 90632 bytes).
