This is pdfTeX, Version 3.14159-1.10b (Web2C 7.4.5) (format=pdflatex 2006.1.19)  6 MAR 2007 12:23
**wa3-sol
(./wa3-sol.tex{/usr/share/texmf/pdftex/config/pdftex.cfg}
LaTeX2e <2001/06/01>
Babel <v3.7h> and hyphenation patterns for american, french, german, ngerman, n
ohyphenation, loaded.
(/usr/share/texmf/tex/latex/base/article.cls
Document Class: article 2001/04/21 v1.4e Standard LaTeX document class
(/usr/share/texmf/tex/latex/base/size11.clo
File: size11.clo 2001/04/21 v1.4e Standard LaTeX file (size option)
)
\c@part=\count79
\c@section=\count80
\c@subsection=\count81
\c@subsubsection=\count82
\c@paragraph=\count83
\c@subparagraph=\count84
\c@figure=\count85
\c@table=\count86
\abovecaptionskip=\skip41
\belowcaptionskip=\skip42
\bibindent=\dimen102
) (../handout.sty)
(/usr/share/texmf/tex/latex/amsmath/amsmath.sty
Package: amsmath 2000/07/18 v2.13 AMS math features
\@mathmargin=\skip43

For additional information on amsmath, use the `?' option.
(/usr/share/texmf/tex/latex/amsmath/amstext.sty
Package: amstext 2000/06/29 v2.01

(/usr/share/texmf/tex/latex/amsmath/amsgen.sty
File: amsgen.sty 1999/11/30 v2.0
\@emptytoks=\toks14
\ex@=\dimen103
))
(/usr/share/texmf/tex/latex/amsmath/amsbsy.sty
Package: amsbsy 1999/11/29 v1.2d
\pmbraise@=\dimen104
)
(/usr/share/texmf/tex/latex/amsmath/amsopn.sty
Package: amsopn 1999/12/14 v2.01 operator names
)
\inf@bad=\count87
LaTeX Info: Redefining \frac on input line 211.
\uproot@=\count88
\leftroot@=\count89
LaTeX Info: Redefining \overline on input line 307.
\classnum@=\count90
\DOTSCASE@=\count91
LaTeX Info: Redefining \ldots on input line 379.
LaTeX Info: Redefining \dots on input line 382.
LaTeX Info: Redefining \cdots on input line 467.
\Mathstrutbox@=\box26
\strutbox@=\box27
\big@size=\dimen105
LaTeX Font Info:    Redeclaring font encoding OML on input line 567.
LaTeX Font Info:    Redeclaring font encoding OMS on input line 568.
\macc@depth=\count92
\c@MaxMatrixCols=\count93
\dotsspace@=\muskip10
\c@parentequation=\count94
\dspbrk@lvl=\count95
\tag@help=\toks15
\row@=\count96
\column@=\count97
\maxfields@=\count98
\andhelp@=\toks16
\eqnshift@=\dimen106
\alignsep@=\dimen107
\tagshift@=\dimen108
\tagwidth@=\dimen109
\totwidth@=\dimen110
\lineht@=\dimen111
\@envbody=\toks17
\multlinegap=\skip44
\multlinetaggap=\skip45
\mathdisplay@stack=\toks18
LaTeX Info: Redefining \[ on input line 2666.
LaTeX Info: Redefining \] on input line 2667.
)
(/usr/share/texmf/tex/latex/graphics/graphicx.sty
Package: graphicx 1999/02/16 v1.0f Enhanced LaTeX Graphics (DPC,SPQR)

(/usr/share/texmf/tex/latex/graphics/keyval.sty
Package: keyval 1999/03/16 v1.13 key=value parser (DPC)
\KV@toks@=\toks19
)
(/usr/share/texmf/tex/latex/graphics/graphics.sty
Package: graphics 2001/07/07 v1.0n Standard LaTeX Graphics (DPC,SPQR)

(/usr/share/texmf/tex/latex/graphics/trig.sty
Package: trig 1999/03/16 v1.09 sin cos tan (DPC)
)
(/usr/share/texmf/tex/latex/config/graphics.cfg
File: graphics.cfg 2001/08/31 v1.1 graphics configuration of teTeX/TeXLive
)
Package graphics Info: Driver file: pdftex.def on input line 80.

(/usr/share/texmf/tex/latex/graphics/pdftex.def
File: pdftex.def 2002/06/19 v0.03k graphics/color for pdftex
\Gread@gobject=\count99
))
\Gin@req@height=\dimen112
\Gin@req@width=\dimen113
) (../mymargins.tex)
(./wa3-sol.aux)
\openout1 = `wa3-sol.aux'.

LaTeX Font Info:    Checking defaults for OML/cmm/m/it on input line 9.
LaTeX Font Info:    ... okay on input line 9.
LaTeX Font Info:    Checking defaults for T1/cmr/m/n on input line 9.
LaTeX Font Info:    ... okay on input line 9.
LaTeX Font Info:    Checking defaults for OT1/cmr/m/n on input line 9.
LaTeX Font Info:    ... okay on input line 9.
LaTeX Font Info:    Checking defaults for OMS/cmsy/m/n on input line 9.
LaTeX Font Info:    ... okay on input line 9.
LaTeX Font Info:    Checking defaults for OMX/cmex/m/n on input line 9.
LaTeX Font Info:    ... okay on input line 9.
LaTeX Font Info:    Checking defaults for U/cmr/m/n on input line 9.
LaTeX Font Info:    ... okay on input line 9.
 (/usr/share/texmf/tex/context/base/supp-pdf.tex
(/usr/share/texmf/tex/context/base/supp-mis.tex
loading : Context Support Macros / Missing
\protectiondepth=\count100
\scratchcounter=\count101
\scratchtoks=\toks20
\scratchdimen=\dimen114
\scratchskip=\skip46
\scratchmuskip=\muskip11
\scratchbox=\box28
\scratchread=\read1
\scratchwrite=\write3
\zeropoint=\dimen115
\minusone=\count102
\thousandpoint=\dimen116
\emptytoks=\toks21
\nextbox=\box29
\nextdepth=\dimen117
\everyline=\toks22
\!!counta=\count103
\!!countb=\count104
\recursecounter=\count105
)
loading : Context Support Macros / PDF
\nofMPsegments=\count106
\nofMParguments=\count107
\everyMPtoPDFconversion=\toks23
) [1{/usr/share/texmf/dvips/config/pdftex.map}

] [2]
LaTeX Font Info:    Try loading font information for OMS+cmr on input line 215.


(/usr/share/texmf/tex/latex/base/omscmr.fd
File: omscmr.fd 1999/05/25 v2.5h Standard LaTeX font definitions
)
LaTeX Font Info:    Font shape `OMS/cmr/m/n' in size <10.95> not available
(Font)              Font shape `OMS/cmsy/m/n' tried instead on input line 215.
 [3] [4] [5]
<artail.pdf, id=44, 451.38638pt x 157.5486pt>
File: artail.pdf Graphic file (type pdf)
 <use artail.pdf> [6 <./artail.pdf>] [7] [8] (./wa3-sol.aux) ) 
Here is how much of TeX's memory you used:
 1540 strings out of 95437
 17831 string characters out of 1189055
 71750 words of memory out of 1000001
 4555 multiletter control sequences out of 10000+50000
 8202 words of font info for 31 fonts, out of 500000 for 1000
 14 hyphenation exceptions out of 1000
 27i,11n,20p,220b,530s stack positions out of 1500i,500n,5000p,200000b,5000s
 65 PDF objects out of 300000
 0 named destinations out of 131072
 5 words of extra memory for PDF output out of 65536
{/usr/share/texmf
/dvips/tetex/aae443f0.enc}</usr/share/texmf/fonts/type1/bluesky/cm/cmmi8.pfb>{/
usr/share/texmf/dvips/tetex/74afc74c.enc}</usr/share/texmf/fonts/type1/bluesky/
cm/cmti10.pfb>{/usr/share/texmf/dvips/tetex/f7b6d320.enc}</usr/share/texmf/font
s/type1/bluesky/cm/cmr8.pfb>{/usr/share/texmf/dvips/tetex/bbad153f.enc}</usr/sh
are/texmf/fonts/type1/bluesky/cm/cmsy10.pfb></usr/share/texmf/fonts/type1/blues
ky/cm/cmmi10.pfb>{/usr/share/texmf/dvips/tetex/09fbbfac.enc}</usr/share/texmf/f
onts/type1/bluesky/cm/cmtt8.pfb></usr/share/texmf/fonts/type1/bluesky/cm/cmtt10
.pfb></usr/share/texmf/fonts/type1/bluesky/cm/cmr17.pfb></usr/share/texmf/fonts
/type1/bluesky/cm/cmr10.pfb>
Output written on wa3-sol.pdf (8 pages, 95305 bytes).
