This is pdfTeX, Version 3.141592-1.40.3 (MiKTeX 2.6) (preloaded format=latex 2007.5.14)  10 OCT 2008 12:58
entering extended mode
**wa2-sol.tex
(wa2-sol.tex
LaTeX2e <2005/12/01>
Babel <v3.8g> and hyphenation patterns for english, dumylang, nohyphenation, ge
rman, ngerman, french, loaded.
("C:\Program Files\MiKTeX 2.6\tex\latex\base\article.cls"
Document Class: article 2005/09/16 v1.4f Standard LaTeX document class
("C:\Program Files\MiKTeX 2.6\tex\latex\base\size11.clo"
File: size11.clo 2005/09/16 v1.4f Standard LaTeX file (size option)
)
\c@part=\count79
\c@section=\count80
\c@subsection=\count81
\c@subsubsection=\count82
\c@paragraph=\count83
\c@subparagraph=\count84
\c@figure=\count85
\c@table=\count86
\abovecaptionskip=\skip41
\belowcaptionskip=\skip42
\bibindent=\dimen102
)
(Z:\cs143-class\cool\cool\handouts\handout.sty)
("C:\Program Files\MiKTeX 2.6\tex\latex\graphics\graphicx.sty"
Package: graphicx 1999/02/16 v1.0f Enhanced LaTeX Graphics (DPC,SPQR)

("C:\Program Files\MiKTeX 2.6\tex\latex\graphics\keyval.sty"
Package: keyval 1999/03/16 v1.13 key=value parser (DPC)
\KV@toks@=\toks14
)
("C:\Program Files\MiKTeX 2.6\tex\latex\graphics\graphics.sty"
Package: graphics 2006/02/20 v1.0o Standard LaTeX Graphics (DPC,SPQR)

("C:\Program Files\MiKTeX 2.6\tex\latex\graphics\trig.sty"
Package: trig 1999/03/16 v1.09 sin cos tan (DPC)
)
("C:\Program Files\MiKTeX 2.6\tex\latex\00miktex\graphics.cfg"
File: graphics.cfg 2005/12/29 v1.2 MiKTeX 'graphics' configuration
)
Package graphics Info: Driver file: pdftex.def on input line 90.

("C:\Program Files\MiKTeX 2.6\tex\latex\graphics\pdftex.def"
File: pdftex.def 2007/04/17 v0.04g Graphics/color for pdfTeX
\Gread@gobject=\count87
))
\Gin@req@height=\dimen103
\Gin@req@width=\dimen104
)
("C:\Program Files\MiKTeX 2.6\tex\latex\graphics\color.sty"
Package: color 2005/11/14 v1.0j Standard LaTeX Color (DPC)

("C:\Program Files\MiKTeX 2.6\tex\latex\00miktex\color.cfg"
File: color.cfg 2005/12/29 v1.1 MiKTeX 'color' configuration
)
Package color Info: Driver file: pdftex.def on input line 130.
)
(Z:\cs143-class\cool\cool\handouts\mymargins.tex)
No file wa2-sol.aux.
LaTeX Font Info:    Checking defaults for OML/cmm/m/it on input line 9.
LaTeX Font Info:    ... okay on input line 9.
LaTeX Font Info:    Checking defaults for T1/cmr/m/n on input line 9.
LaTeX Font Info:    ... okay on input line 9.
LaTeX Font Info:    Checking defaults for OT1/cmr/m/n on input line 9.
LaTeX Font Info:    ... okay on input line 9.
LaTeX Font Info:    Checking defaults for OMS/cmsy/m/n on input line 9.
LaTeX Font Info:    ... okay on input line 9.
LaTeX Font Info:    Checking defaults for OMX/cmex/m/n on input line 9.
LaTeX Font Info:    ... okay on input line 9.
LaTeX Font Info:    Checking defaults for U/cmr/m/n on input line 9.
LaTeX Font Info:    ... okay on input line 9.
("C:\Program Files\MiKTeX 2.6\tex\context\base\supp-pdf.tex"
[Loading MPS to PDF converter (version 2006.09.02).]
\scratchcounter=\count88
\scratchdimen=\dimen105
\scratchbox=\box26
\nofMPsegments=\count89
\nofMParguments=\count90
\MPscratchCnt=\count91
\MPscratchDim=\dimen106
\MPnumerator=\count92
\everyMPtoPDFconversion=\toks15
)
LaTeX Font Info:    External font `cmex10' loaded for size
(Font)              <10.95> on input line 16.
LaTeX Font Info:    External font `cmex10' loaded for size
(Font)              <8> on input line 16.
LaTeX Font Info:    External font `cmex10' loaded for size
(Font)              <6> on input line 16.


LaTeX Warning: Reference `ambig' on page 1 undefined on input line 58.

(ambig.latex
LaTeX Font Info:    External font `cmex10' loaded for size
(Font)              <12> on input line 44.
) [1{psfonts.map}

]

LaTeX Warning: Reference `classparse' on page 2 undefined on input line 93.

(classparse.pdf_t <classparse.pdf, id=11, 614.295pt x 794.97pt>
File: classparse.pdf Graphic file (type pdf)

<use classparse.pdf>) [2 <classparse.pdf>] [3]

LaTeX Warning: Reference `viable-prefix-dfa' on page 4 undefined on input line 
275.

<viable-prefix-dfa.pdf, id=26, 508.90125pt x 239.89626pt>
File: viable-prefix-dfa.pdf Graphic file (type pdf)

<use viable-prefix-dfa.pdf>

LaTeX Warning: Reference `slr' on page 4 undefined on input line 281.

[4] [5 <viable-prefix-dfa.pdf>] (wa2-sol.aux)

LaTeX Warning: There were undefined references.


LaTeX Warning: Label(s) may have changed. Rerun to get cross-references right.

 ) 
Here is how much of TeX's memory you used:
 1025 strings out of 95306
 11948 string characters out of 1185183
 68244 words of memory out of 1061192
 4186 multiletter control sequences out of 60000
 8857 words of font info for 32 fonts, out of 1000000 for 2000
 14 hyphenation exceptions out of 8191
 25i,10n,21p,325b,457s stack positions out of 5000i,500n,10000p,200000b,32768s
<C:/Program Files/MiKTeX 2.6/fonts/type1/bluesky/cm/cmbx10.pfb><C:/Program Fi
les/MiKTeX 2.6/fonts/type1/bluesky/cm/cmmi10.pfb><C:/Program Files/MiKTeX 2.6/f
onts/type1/bluesky/cm/cmmi12.pfb><C:/Program Files/MiKTeX 2.6/fonts/type1/blues
ky/cm/cmmi8.pfb><C:/Program Files/MiKTeX 2.6/fonts/type1/bluesky/cm/cmr10.pfb><
C:/Program Files/MiKTeX 2.6/fonts/type1/bluesky/cm/cmr12.pfb><C:/Program Files/
MiKTeX 2.6/fonts/type1/bluesky/cm/cmr17.pfb><C:/Program Files/MiKTeX 2.6/fonts/
type1/bluesky/cm/cmsy10.pfb><C:/Program Files/MiKTeX 2.6/fonts/type1/bluesky/cm
/cmsy8.pfb><C:/Program Files/MiKTeX 2.6/fonts/type1/bluesky/cm/cmtt10.pfb><C:/P
rogram Files/MiKTeX 2.6/fonts/type1/bluesky/cm/cmtt12.pfb><C:/Program Files/MiK
TeX 2.6/fonts/type1/bluesky/latex-fonts/line10.pfb>
Output written on wa2-sol.pdf (5 pages, 84802 bytes).
PDF statistics:
 78 PDF objects out of 300000 (max. 8388607)
 0 named destinations out of 300000 (max. 131072)
 11 words of extra memory for PDF output out of 65536 (max. 10000000)

