This is pdfeTeX, Version 3.141592-1.21a-2.2 (Web2C 7.5.4) (format=pdflatex 2006.11.5)  8 OCT 2008 23:07
entering extended mode
**asn3
(./asn3.tex
LaTeX2e <2003/12/01>
Babel <v3.8d> and hyphenation patterns for american, french, german, ngerman, b
ahasa, basque, bulgarian, catalan, croatian, czech, danish, dutch, esperanto, e
stonian, finnish, greek, icelandic, irish, italian, latin, magyar, norsk, polis
h, portuges, romanian, russian, serbian, slovak, slovene, spanish, swedish, tur
kish, ukrainian, nohyphenation, loaded.
(/usr/pubsw/lib/texmf/tex/latex/base/article.cls
Document Class: article 2004/02/16 v1.4f Standard LaTeX document class
(/usr/pubsw/lib/texmf/tex/latex/base/size11.clo
File: size11.clo 2004/02/16 v1.4f Standard LaTeX file (size option)
)
\c@part=\count79
\c@section=\count80
\c@subsection=\count81
\c@subsubsection=\count82
\c@paragraph=\count83
\c@subparagraph=\count84
\c@figure=\count85
\c@table=\count86
\abovecaptionskip=\skip41
\belowcaptionskip=\skip42
\bibindent=\dimen102
) (./handout.sty)
(./mymargins.tex) (./macros.tex
\c@theorem=\count87
\c@fact=\count88
\pgmtab=\skip43
) (./handout-number.tex) (./asn3.aux)
\openout1 = `asn3.aux'.

LaTeX Font Info:    Checking defaults for OML/cmm/m/it on input line 12.
LaTeX Font Info:    ... okay on input line 12.
LaTeX Font Info:    Checking defaults for T1/cmr/m/n on input line 12.
LaTeX Font Info:    ... okay on input line 12.
LaTeX Font Info:    Checking defaults for OT1/cmr/m/n on input line 12.
LaTeX Font Info:    ... okay on input line 12.
LaTeX Font Info:    Checking defaults for OMS/cmsy/m/n on input line 12.
LaTeX Font Info:    ... okay on input line 12.
LaTeX Font Info:    Checking defaults for OMX/cmex/m/n on input line 12.
LaTeX Font Info:    ... okay on input line 12.
LaTeX Font Info:    Checking defaults for U/cmr/m/n on input line 12.
LaTeX Font Info:    ... okay on input line 12.
LaTeX Font Info:    Try loading font information for OMS+cmr on input line 76.

(/usr/pubsw/lib/texmf/tex/latex/base/omscmr.fd
File: omscmr.fd 1999/05/25 v2.5h Standard LaTeX font definitions
)
LaTeX Font Info:    Font shape `OMS/cmr/m/n' in size <10.95> not available
(Font)              Font shape `OMS/cmsy/m/n' tried instead on input line 76.

Underfull \hbox (badness 10000) in paragraph at lines 76--77

 []

[1{/usr/pubsw/lib/texmf/fonts/map/pdftex/updmap/pdftex.map}

] [2]
LaTeX Font Info:    Try loading font information for OMS+cmtt on input line 173
.
LaTeX Font Info:    No file OMScmtt.fd. on input line 173.


LaTeX Font Warning: Font shape `OMS/cmtt/m/n' undefined
(Font)              using `OMS/cmsy/m/n' instead
(Font)              for symbol `textbraceleft' on input line 173.

[3] [4] (./asn3.aux)

LaTeX Font Warning: Some font shapes were not available, defaults substituted.

 ) 
Here is how much of TeX's memory you used:
 439 strings out of 94500
 4205 string characters out of 1176114
 51348 words of memory out of 1000000
 3668 multiletter control sequences out of 10000+50000
 6228 words of font info for 23 fonts, out of 500000 for 2000
 580 hyphenation exceptions out of 1000
 21i,4n,19p,157b,210s stack positions out of 1500i,500n,5000p,200000b,5000s
PDF statistics:
 37 PDF objects out of 300000
 0 named destinations out of 131072
 1 words of extra memory for PDF output out of 65536
</usr/pubsw/lib/texmf/fonts/type1/bluesky/cm/cmbx10.pfb></usr/pubsw/lib/texmf
/fonts/type1/bluesky/cm/cmsy10.pfb></usr/pubsw/lib/texmf/fonts/type1/bluesky/cm
/cmtt10.pfb></usr/pubsw/lib/texmf/fonts/type1/bluesky/cm/cmti10.pfb></usr/pubsw
/lib/texmf/fonts/type1/bluesky/cm/cmss10.pfb></usr/pubsw/lib/texmf/fonts/type1/
bluesky/cm/cmbx12.pfb></usr/pubsw/lib/texmf/fonts/type1/bluesky/cm/cmr17.pfb></
usr/pubsw/lib/texmf/fonts/type1/bluesky/cm/cmr10.pfb>
Output written on asn3.pdf (4 pages, 75156 bytes).
