This is pdfeTeX, Version 3.141592-1.21a-2.2 (Web2C 7.5.4) (format=pdflatex 2006.9.25)  25 SEP 2006 15:35
entering extended mode
**cool-tour.tex
(./cool-tour.tex
LaTeX2e <2003/12/01>
Babel <v3.8d> and hyphenation patterns for american, french, german, ngerman, b
ahasa, basque, bulgarian, catalan, croatian, czech, danish, dutch, esperanto, e
stonian, finnish, greek, icelandic, irish, italian, latin, magyar, norsk, polis
h, portuges, romanian, russian, serbian, slovak, slovene, spanish, swedish, tur
kish, ukrainian, nohyphenation, loaded.
(/usr/pubsw/lib/texmf/tex/latex/base/article.cls
Document Class: article 2004/02/16 v1.4f Standard LaTeX document class
(/usr/pubsw/lib/texmf/tex/latex/base/size11.clo
File: size11.clo 2004/02/16 v1.4f Standard LaTeX file (size option)
)
\c@part=\count79
\c@section=\count80
\c@subsection=\count81
\c@subsubsection=\count82
\c@paragraph=\count83
\c@subparagraph=\count84
\c@figure=\count85
\c@table=\count86
\abovecaptionskip=\skip41
\belowcaptionskip=\skip42
\bibindent=\dimen102
)
\c@theorem=\count87
\c@fact=\count88
\pgmtab=\skip43
 (./cool-tour.aux)
\openout1 = `cool-tour.aux'.

LaTeX Font Info:    Checking defaults for OML/cmm/m/it on input line 227.
LaTeX Font Info:    ... okay on input line 227.
LaTeX Font Info:    Checking defaults for T1/cmr/m/n on input line 227.
LaTeX Font Info:    ... okay on input line 227.
LaTeX Font Info:    Checking defaults for OT1/cmr/m/n on input line 227.
LaTeX Font Info:    ... okay on input line 227.
LaTeX Font Info:    Checking defaults for OMS/cmsy/m/n on input line 227.
LaTeX Font Info:    ... okay on input line 227.
LaTeX Font Info:    Checking defaults for OMX/cmex/m/n on input line 227.
LaTeX Font Info:    ... okay on input line 227.
LaTeX Font Info:    Checking defaults for U/cmr/m/n on input line 227.
LaTeX Font Info:    ... okay on input line 227.
LaTeX Font Info:    External font `cmex10' loaded for size
(Font)              <17.28> on input line 234.
LaTeX Font Info:    External font `cmex10' loaded for size
(Font)              <12> on input line 234.
LaTeX Font Info:    External font `cmex10' loaded for size
(Font)              <8> on input line 234.
LaTeX Font Info:    External font `cmex10' loaded for size
(Font)              <6> on input line 234.
LaTeX Font Info:    External font `cmex10' loaded for size
(Font)              <9> on input line 234.
LaTeX Font Info:    External font `cmex10' loaded for size
(Font)              <5> on input line 234.
LaTeX Font Info:    Try loading font information for OMS+cmr on input line 234.


(/usr/pubsw/lib/texmf/tex/latex/base/omscmr.fd
File: omscmr.fd 1999/05/25 v2.5h Standard LaTeX font definitions
)
LaTeX Font Info:    Font shape `OMS/cmr/m/n' in size <9> not available
(Font)              Font shape `OMS/cmsy/m/n' tried instead on input line 234.
LaTeX Font Info:    Font shape `OMS/cmr/m/n' in size <10.95> not available
(Font)              Font shape `OMS/cmsy/m/n' tried instead on input line 245.
 [1

{/usr/pubsw/lib/texmf/fonts/map/pdftex/updmap/pdftex.map}]
LaTeX Font Info:    External font `cmex10' loaded for size
(Font)              <10.95> on input line 337.

Overfull \hbox (0.8669pt too wide) in paragraph at lines 336--343
[]\OT1/cmr/m/n/10.95 Because string ta-bles store only one copy of each string,
 com-par-ing whether two \OT1/cmtt/m/n/10.95 IntEntry\OT1/cmr/m/n/10.95 s, \OT1
/cmtt/m/n/10.95 StrEntry\OT1/cmr/m/n/10.95 s,
 []

[2] [3] [4] [5] [6]
LaTeX Font Info:    Try loading font information for OMS+cmtt on input line 677
.
LaTeX Font Info:    No file OMScmtt.fd. on input line 677.


LaTeX Font Warning: Font shape `OMS/cmtt/m/n' undefined
(Font)              using `OMS/cmsy/m/n' instead
(Font)              for symbol `textbraceleft' on input line 677.

[7] [8] [9] [10] [11] [12]
Overfull \hbox (15.65968pt too wide) in paragraph at lines 1113--1119
[]\OT1/cmr/m/n/10.95 Generated code must no-tify the col-lec-tor of ev-ery as-s
ign-ment to an at-tribute. The func-tion []\OT1/cmtt/m/n/10.95 GenGC[]Assign
 []

[13] [14] (./cool-tour.aux)

LaTeX Font Warning: Some font shapes were not available, defaults substituted.

 ) 
Here is how much of TeX's memory you used:
 429 strings out of 94500
 4185 string characters out of 1176114
 59348 words of memory out of 1000000
 3658 multiletter control sequences out of 10000+50000
 11996 words of font info for 44 fonts, out of 500000 for 2000
 580 hyphenation exceptions out of 1000
 29i,9n,19p,213b,304s stack positions out of 1500i,500n,5000p,200000b,5000s
PDF statistics:
 96 PDF objects out of 300000
 0 named destinations out of 131072
 1 words of extra memory for PDF output out of 65536
</usr/pubsw/lib/texmf/fonts/type1/bluesky/cm/cmitt10.pfb></usr/pubsw/lib/texm
f/fonts/type1/bluesky/cm/cmtt9.pfb></usr/pubsw/lib/texmf/fonts/type1/bluesky/cm
/cmr6.pfb></usr/pubsw/lib/texmf/fonts/type1/bluesky/cm/cmr8.pfb></usr/pubsw/lib
/texmf/fonts/type1/bluesky/cm/cmtt8.pfb></usr/pubsw/lib/texmf/fonts/type1/blues
ky/cm/cmmi10.pfb></usr/pubsw/lib/texmf/fonts/type1/bluesky/cm/cmss10.pfb></usr/
pubsw/lib/texmf/fonts/type1/bluesky/cm/cmbx10.pfb></usr/pubsw/lib/texmf/fonts/t
ype1/bluesky/cm/cmti10.pfb></usr/pubsw/lib/texmf/fonts/type1/bluesky/cm/cmsy9.p
fb></usr/pubsw/lib/texmf/fonts/type1/bluesky/cm/cmr9.pfb></usr/pubsw/lib/texmf/
fonts/type1/bluesky/cm/cmsy6.pfb></usr/pubsw/lib/texmf/fonts/type1/bluesky/cm/c
mtt10.pfb></usr/pubsw/lib/texmf/fonts/type1/bluesky/cm/cmr10.pfb></usr/pubsw/li
b/texmf/fonts/type1/bluesky/cm/cmbx12.pfb></usr/pubsw/lib/texmf/fonts/type1/blu
esky/cm/cmsy10.pfb></usr/pubsw/lib/texmf/fonts/type1/bluesky/cm/cmr17.pfb>
Output written on cool-tour.pdf (14 pages, 151581 bytes).
