This is pdfeTeX, Version 3.141592-1.21a-2.2 (Web2C 7.5.4) (format=pdflatex 2006.9.25)  6 NOV 2006 01:34
entering extended mode
**opt.tex
(./opt.tex
LaTeX2e <2003/12/01>
Babel <v3.8d> and hyphenation patterns for american, french, german, ngerman, b
ahasa, basque, bulgarian, catalan, croatian, czech, danish, dutch, esperanto, e
stonian, finnish, greek, icelandic, irish, italian, latin, magyar, norsk, polis
h, portuges, romanian, russian, serbian, slovak, slovene, spanish, swedish, tur
kish, ukrainian, nohyphenation, loaded.
(/usr/pubsw/lib/texmf/tex/latex/base/article.cls
Document Class: article 2004/02/16 v1.4f Standard LaTeX document class
(/usr/pubsw/lib/texmf/tex/latex/base/size11.clo
File: size11.clo 2004/02/16 v1.4f Standard LaTeX file (size option)
)
\c@part=\count79
\c@section=\count80
\c@subsection=\count81
\c@subsubsection=\count82
\c@paragraph=\count83
\c@subparagraph=\count84
\c@figure=\count85
\c@table=\count86
\abovecaptionskip=\skip41
\belowcaptionskip=\skip42
\bibindent=\dimen102
) (./handout.sty)
(/usr/pubsw/lib/texmf/tex/latex/base/latexsym.sty
Package: latexsym 1998/08/17 v2.2e Standard LaTeX package (lasy symbols)
\symlasy=\mathgroup4
LaTeX Font Info:    Overwriting symbol font `lasy' in version `bold'
(Font)                  U/lasy/m/n --> U/lasy/b/n on input line 47.
) (./mymargins.tex)
(./handout-number.tex) (./opt.aux)
\openout1 = `opt.aux'.

LaTeX Font Info:    Checking defaults for OML/cmm/m/it on input line 23.
LaTeX Font Info:    ... okay on input line 23.
LaTeX Font Info:    Checking defaults for T1/cmr/m/n on input line 23.
LaTeX Font Info:    ... okay on input line 23.
LaTeX Font Info:    Checking defaults for OT1/cmr/m/n on input line 23.
LaTeX Font Info:    ... okay on input line 23.
LaTeX Font Info:    Checking defaults for OMS/cmsy/m/n on input line 23.
LaTeX Font Info:    ... okay on input line 23.
LaTeX Font Info:    Checking defaults for OMX/cmex/m/n on input line 23.
LaTeX Font Info:    ... okay on input line 23.
LaTeX Font Info:    Checking defaults for U/cmr/m/n on input line 23.
LaTeX Font Info:    ... okay on input line 23.
 [1{/usr/pubsw/lib/texmf/fonts/map/pdftex/updmap/pdftex.map}

]
LaTeX Font Info:    External font `cmex10' loaded for size
(Font)              <10.95> on input line 103.
LaTeX Font Info:    External font `cmex10' loaded for size
(Font)              <8> on input line 103.
LaTeX Font Info:    External font `cmex10' loaded for size
(Font)              <6> on input line 103.
LaTeX Font Info:    Try loading font information for U+lasy on input line 103.
 (/usr/pubsw/lib/texmf/tex/latex/base/ulasy.fd
File: ulasy.fd 1998/08/17 v2.2e LaTeX symbol font definitions
) [2] (./opt.aux) ) 
Here is how much of TeX's memory you used:
 319 strings out of 94500
 3589 string characters out of 1176114
 50348 words of memory out of 1000000
 3541 multiletter control sequences out of 10000+50000
 8728 words of font info for 33 fonts, out of 500000 for 2000
 580 hyphenation exceptions out of 1000
 22i,5n,19p,163b,195s stack positions out of 1500i,500n,5000p,200000b,5000s
PDF statistics:
 31 PDF objects out of 300000
 0 named destinations out of 131072
 1 words of extra memory for PDF output out of 65536
</usr/pubsw/lib/texmf/fonts/type1/bluesky/latex/lasy10.pfb><
/usr/pubsw/lib/texmf/fonts/type1/bluesky/cm/cmti10.pfb></usr/pubsw/lib/texmf/fo
nts/type1/bluesky/cm/cmbx10.pfb></usr/pubsw/lib/texmf/fonts/type1/bluesky/cm/cm
tt10.pfb></usr/pubsw/lib/texmf/fonts/type1/bluesky/cm/cmss10.pfb></usr/pubsw/li
b/texmf/fonts/type1/bluesky/cm/cmbx12.pfb></usr/pubsw/lib/texmf/fonts/type1/blu
esky/cm/cmr17.pfb></usr/pubsw/lib/texmf/fonts/type1/bluesky/cm/cmr10.pfb>
Output written on opt.pdf (2 pages, 62604 bytes).
